{
  "RSpec": {
    "coverage": {
      "/Users/student/Projects/Bank-Tech-Test/spec/bankaccount_spec.rb": {
        "lines": [
          1,
          null,
          1,
          10,
          3,
          null,
          1,
          1,
          1,
          null,
          null,
          null,
          1,
          1,
          1,
          1,
          null,
          null,
          1,
          1,
          2,
          null,
          null,
          1,
          2,
          null,
          null,
          null,
          1,
          1,
          1,
          1,
          null,
          null,
          1,
          2,
          null,
          null,
          null,
          1,
          1,
          1,
          1,
          null,
          null,
          null,
          1,
          1,
          1,
          1,
          1,
          null,
          null,
          1,
          1,
          1,
          1,
          null,
          null,
          null,
          null,
          null
        ]
      },
      "/Users/student/Projects/Bank-Tech-Test/lib/bankaccount.rb": {
        "lines": [
          1,
          1,
          1,
          null,
          1,
          null,
          1,
          null,
          1,
          9,
          9,
          null,
          9,
          9,
          null,
          null,
          1,
          4,
          3,
          2,
          2,
          null,
          null,
          2,
          null,
          null,
          1,
          5,
          4,
          4,
          null,
          null,
          4,
          null,
          null,
          1,
          7,
          null,
          null,
          1,
          2,
          null,
          null,
          null,
          1,
          6,
          null,
          null,
          null,
          1,
          6,
          null,
          null,
          null,
          1,
          6,
          null,
          null,
          null,
          1,
          null,
          null,
          null,
          null,
          null,
          null,
          null,
          null,
          1,
          4,
          null,
          null,
          1,
          3,
          null,
          null,
          1,
          5,
          null,
          null,
          null
        ]
      },
      "/Users/student/Projects/Bank-Tech-Test/lib/transaction.rb": {
        "lines": [
          1,
          1,
          1,
          null,
          1,
          null,
          1,
          null,
          null,
          null,
          null,
          null,
          null,
          1,
          9,
          null,
          null,
          null,
          1,
          6,
          0,
          6,
          6,
          null,
          null,
          null,
          null
        ]
      },
      "/Users/student/Projects/Bank-Tech-Test/lib/statement.rb": {
        "lines": [
          1,
          null,
          1,
          null,
          1,
          null,
          null,
          null,
          null,
          null,
          1,
          10,
          null,
          null,
          1,
          2,
          2,
          0,
          null,
          2,
          null,
          null,
          1,
          6,
          null,
          null,
          1,
          6,
          6,
          null,
          null,
          1,
          6,
          null,
          null
        ]
      },
      "/Users/student/Projects/Bank-Tech-Test/spec/statement_spec.rb": {
        "lines": [
          1,
          null,
          null,
          1,
          1,
          null,
          2,
          null,
          2,
          null,
          1,
          1,
          1,
          null,
          null,
          null,
          null,
          null
        ]
      },
      "/Users/student/Projects/Bank-Tech-Test/spec/transaction_spec.rb": {
        "lines": [
          1,
          null,
          1,
          null,
          1,
          1,
          1,
          null,
          1,
          1,
          1,
          null,
          0,
          null,
          null,
          null,
          null,
          null,
          null,
          null,
          null,
          null,
          null,
          null
        ]
      }
    },
    "timestamp": 1582799532
  }
}
